<?xml version="1.0" encoding="UTF-8"?><testrun name="test" project="cinema-project" tests="13" started="13" failures="1" errors="0" ignored="0">
  <testsuite name="com.cinemaproject.test.ServiceTest.AdminServiceTest" time="0.181">
    <testcase name="testFindClientByName" classname="com.cinemaproject.test.ServiceTest.AdminServiceTest" time="0.181"/>
  </testsuite>
  <testsuite name="com.cinemaproject.test.UtilTest.validatorsTest.PasswordValidatorTest" time="0.002">
    <testcase name="passwordTest" classname="com.cinemaproject.test.UtilTest.validatorsTest.PasswordValidatorTest" time="0.002"/>
  </testsuite>
  <testsuite name="com.cinemaproject.test.ServiceTest.MovieServiceTest" time="0.029">
    <testcase name="testAddMovie" classname="com.cinemaproject.test.ServiceTest.MovieServiceTest" time="0.024"/>
    <testcase name="testListMovies" classname="com.cinemaproject.test.ServiceTest.MovieServiceTest" time="0.001"/>
    <testcase name="testFindByUsername" classname="com.cinemaproject.test.ServiceTest.MovieServiceTest" time="0.001"/>
    <testcase name="testFindMovie" classname="com.cinemaproject.test.ServiceTest.MovieServiceTest" time="0.003"/>
  </testsuite>
  <testsuite name="com.cinemaproject.test.UtilTest.validatorsTest.EmailValidatorTest" time="0.001">
    <testcase name="testEmail" classname="com.cinemaproject.test.UtilTest.validatorsTest.EmailValidatorTest" time="0.001"/>
  </testsuite>
  <testsuite name="com.cinemaproject.test.ServiceTest.ClientServiceTest" time="0.007">
    <testcase name="testLoginClient" classname="com.cinemaproject.test.ServiceTest.ClientServiceTest" time="0.005"/>
    <testcase name="testGetClient" classname="com.cinemaproject.test.ServiceTest.ClientServiceTest" time="0.001"/>
    <testcase name="testRegisterClient" classname="com.cinemaproject.test.ServiceTest.ClientServiceTest" time="0.001"/>
  </testsuite>
  <testsuite name="com.cinemaproject.test.UtilTest.DateConverterTest" time="0.003">
    <testcase name="converterTest" classname="com.cinemaproject.test.UtilTest.DateConverterTest" time="0.003">
      <failure>java.lang.AssertionError&#13;
	at org.junit.Assert.fail(Assert.java:86)&#13;
	at org.junit.Assert.assertTrue(Assert.java:41)&#13;
	at org.junit.Assert.assertNotNull(Assert.java:621)&#13;
	at org.junit.Assert.assertNotNull(Assert.java:631)&#13;
	at com.cinemaproject.test.UtilTest.DateConverterTest.converterTest(DateConverterTest.java:24)&#13;
	at sun.reflect.NativeMethodAccessorImpl.invoke0(Native Method)&#13;
	at sun.reflect.NativeMethodAccessorImpl.invoke(Unknown Source)&#13;
	at sun.reflect.DelegatingMethodAccessorImpl.invoke(Unknown Source)&#13;
	at java.lang.reflect.Method.invoke(Unknown Source)&#13;
	at org.junit.runners.model.FrameworkMethod$1.runReflectiveCall(FrameworkMethod.java:47)&#13;
	at org.junit.internal.runners.model.ReflectiveCallable.run(ReflectiveCallable.java:12)&#13;
	at org.junit.runners.model.FrameworkMethod.invokeExplosively(FrameworkMethod.java:44)&#13;
	at org.junit.internal.runners.statements.InvokeMethod.evaluate(InvokeMethod.java:17)&#13;
	at org.junit.runners.ParentRunner.runLeaf(ParentRunner.java:271)&#13;
	at org.junit.runners.BlockJUnit4ClassRunner.runChild(BlockJUnit4ClassRunner.java:70)&#13;
	at org.junit.runners.BlockJUnit4ClassRunner.runChild(BlockJUnit4ClassRunner.java:50)&#13;
	at org.junit.runners.ParentRunner$3.run(ParentRunner.java:238)&#13;
	at org.junit.runners.ParentRunner$1.schedule(ParentRunner.java:63)&#13;
	at org.junit.runners.ParentRunner.runChildren(ParentRunner.java:236)&#13;
	at org.junit.runners.ParentRunner.access$000(ParentRunner.java:53)&#13;
	at org.junit.runners.ParentRunner$2.evaluate(ParentRunner.java:229)&#13;
	at org.junit.runners.ParentRunner.run(ParentRunner.java:309)&#13;
	at org.eclipse.jdt.internal.junit4.runner.JUnit4TestReference.run(JUnit4TestReference.java:89)&#13;
	at org.eclipse.jdt.internal.junit.runner.TestExecution.run(TestExecution.java:41)&#13;
	at org.eclipse.jdt.internal.junit.runner.RemoteTestRunner.runTests(RemoteTestRunner.java:541)&#13;
	at org.eclipse.jdt.internal.junit.runner.RemoteTestRunner.runTests(RemoteTestRunner.java:763)&#13;
	at org.eclipse.jdt.internal.junit.runner.RemoteTestRunner.run(RemoteTestRunner.java:463)&#13;
	at org.eclipse.jdt.internal.junit.runner.RemoteTestRunner.main(RemoteTestRunner.java:209)&#13;
&#13;
</failure>
    </testcase>
  </testsuite>
  <testsuite name="com.cinemaproject.test.UtilTest.validatorsTest.PhoneValidatorTest" time="0.0">
    <testcase name="cellphoneTest" classname="com.cinemaproject.test.UtilTest.validatorsTest.PhoneValidatorTest" time="0.0"/>
  </testsuite>
  <testsuite name="com.cinemaproject.test.UtilTest.validatorsTest.UsernameValidatorTest" time="0.0">
    <testcase name="usernameTest" classname="com.cinemaproject.test.UtilTest.validatorsTest.UsernameValidatorTest" time="0.0"/>
  </testsuite>
</testrun>
